(
SERIAL - 087073813341BR
00170325
STATUS - A
LATITUDE - 3756.3424N
LONGITUDE - 02342.2637E
SPEED-KNOTTS/ALTITUDE - 000.2
TIME - 11 05 26
000.00,00000000L00000000)

37+(56.3424/60)=37.93904
23+(42.2637/60)=23.704395

37.93904,23.704395





5722.5915,N,02202.2062,E

First is lat, second is lng. If the lat value is followed by S you have to multiply it with -1. 
If the lng value is followed by a W, multiply it with -1.
The format is in ddmm.mmmm (lat) and dddmm.mmmm (lng). You have to convert it to the "google maps format".
Take the dd (lat) or ddd (lng) and add it to (mm.mmmm / 60.0).
e.g.: lat: 5722.5915 -> 57 + (22.5915 / 60) = 57.376525

Format is:

<serial (local date and time)>
<admin cell number>GPRMC
<time_utc>
<status - a or v>
<lat><N or S>
<lng><E or W>
<speed in knots>
<bearing><date utc>
<not used>
<not used>
<mode - A, D, E, N, S - with checksum>
<signal quality F or L>
<alarm - move, speed, batterie, help me! or "">
<IMEI><number of satellites>
<altitude in m>
<batterie status with voltage>
<batterie mode 0 or 1>
<number of chars until field 22>
<some crc>
<mobile country code>
<mobile network code>
<location area code in hex>
<cell id in hex>
<firmware info>



(087073813341BR00170325A3756.3416N02342.2587E000.1110556000.00,00000000L00000000)			
(087073813341BP00HSO)
(087073813341BR00170325A3756.3421N02342.2574E000.2110656000.00,00000000L00000000)			
(087073813341BR00170325A3756.3418N02342.2565E000.2110756000.00,00000000L00000000)
(087073813341BP00HSO)	
(087073813341BR00170325A3756.3398N02342.2574E000.0110856000.00,00000000L00000000)
(087073813341BP00HSO)	
(087073813341BP00HSO)
(087073813341BP00HSO)			
(087073813341BP00HSO)			
(087073813341BP00HSO)			
(087073813341BP00HSO)			
(087073813341BR00170325A3756.3417N02342.2605E000.1110956000.00,00000000L00000000)
(087073813341BP00HSO)			
(087073813341BP00HSO)			
(087073813341BP00HSO)		
(087073813341BP00HSO)			
(087073813341BP00HSO)			
(087073813341BP00HSO)			
(087073813341BP00HSO)			
(087073813341BP00HSO)			
(087073813341BP00HSO)			
(087073813341BR00170325A3756.3486N02342.2554E000.1111056000.00,00000000L00000000)
(087073813341BR00170325A3756.3496N02342.2570E000.2111126000.00,00000000L00000000)			
(087073813341BP00HSO)
(087073813341BP00HSO)			
(087073813341BP00HSO)			
(087073813341BR00170325A3756.3525N02342.2578E000.2111226000.00,00000000L00000000)
(087073813341BR00170325A3756.3535N02342.2603E000.1111256000.00,00000000L00000000)		
(087073813341BR00170325A3756.3525N02342.2605E000.1111356000.00,00000000L00000000)
(087073813341BR00170325A3756.3521N02342.2600E000.0111426000.00,00000000L00000000)			
(087073813341BP00HSO)
(087073813341BR00170325A3756.3533N02342.2583E000.2111456000.00,00000000L00000000)			
(087073813341BR00170325A3756.3524N02342.2565E000.2111556000.00,00000000L00000000)
(087073813341BP00HSO)		
(087073813341BR00170325A3756.3507N02342.2577E000.3111626000.00,00000000L00000000)
(087073813341BR00170325A3756.3482N02342.2582E000.1111656000.00,00000000L00000000)		
(087073813341BR00170325A3756.3485N02342.2590E000.1111726000.00,00000000L00000000)
(087073813341BP00HSO)	
(087073813341BP00HSO)			
(087073813341BP00HSO)			
(087073813341BP00HSO)		
(087073813341BP00HSO)			
(087073813341BP00HSO)
(087073813341BR00170325A3756.3464N02342.2578E000.2111756000.00,00000000L00000000)	
(087073813341BP00HSO)			
(087073813341BP00HSO)		
(087073813341BP00HSO)			
(087073813341BP00HSO)			
(087073813341BP00HSO)			
(087073813341BP00HSO)
(087073813341BR00170325A3756.3428N02342.2595E000.1111826000.00,00000000L00000000)	
(087073813341BP00HSO)		
(087073813341BP00HSO)	
(087073813341BP00HSO)	
(087073813341BR00170325A3756.3434N02342.2601E000.1111856000.00,00000000L00000000)
(087073813341BR00170325A3756.3434N02342.2607E000.1111926000.00,00000000L00000000)	
(087073813341BP00HSO)
(087073813341BP00HSO)	
(087073813341BP00HSO)	
(087073813341BR00170325A3756.3444N02342.2609E000.0112026000.00,00000000L00000000)
(087073813341BR00170325A3756.3447N02342.2595E000.2112056000.00,00000000L00000000)	
(087073813341BP00HSO)
(087073813341BP00HSO)	
(087073813341BP00HSO)	
(087073813341BR00170325A3756.3451N02342.2617E000.1112156000.00,00000000L00000000)
(087073813341BR00170325A3756.3450N02342.2626E000.3112226000.00,00000000L00000000)	
(087073813341BP00HSO)
(087073813341BR00170325A3756.3494N02342.2631E000.1112326000.00,00000000L00000000)
(087073813341BR00170325A3756.3439N02342.2578E000.1112426000.00,00000000L00000000)
(087073813341BP00HSO)	
(087073813341BR00170325A3756.3439N02342.2562E000.1112456000.00,00000000L00000000)
(087073813341BR00170325A3756.3443N02342.2548E000.1112526000.00,00000000L00000000)	
(087073813341BP00HSO)
(087073813341BR00170325A3756.3498N02342.2574E000.4112556000.00,00000000L00000000)	
(087073813341BP00HSO)	
(087073813341BP00HSO)	
(087073813341BP00HSO)	
(087073813341BP00HSO)	
(087073813341BP00HSO)	
(087073813341BR00170325A3756.3515N02342.2592E000.1112626000.00,00000000L00000000)
(087073813341BP00HSO)	
(087073813341BP00HSO)	
(087073813341BP00HSO)	
(087073813341BP00HSO)	
(087073813341BP00HSO)	
	
	
(087073813341BR
00170325A
3756.3529N
02342.2606E
000.1
11 26 56
000.00,00000000L00000000)


(087073813341BR
00170325A
3756.3558N
02342.2630E
000.1
11 27 26
000.00,00000000L00000000)	
	
	
(087073813341BP00HSO)
(087073813341BP00HSO)	
(087073813341BR00170325A3756.3531N02342.2620E000.1112826000.00,00000000L00000000)
(087073813341BR00170325A3756.3529N02342.2629E000.0112856000.00,00000000L00000000)	
(087073813341BP00HSO)
(087073813341BP00HSO)	
(087073813341BP00HSO)	
(087073813341BR00170325A3756.3560N02342.2613E000.5112956000.00,00000000L00000000)
(087073813341BR00170325A3756.3557N02342.2556E000.2113026000.00,00000000L00000000)
(087073813341BR00170325A3756.3560N02342.2580E000.3113056000.00,00000000L00000000)
(087073813341BR00170325A3756.3617N02342.2620E000.6113126000.00,00000000L00000000)	
(087073813341BR00170325A3756.3668N02342.2634E000.3113226000.00,00000000L00000000)
(087073813341BR00170325A3756.3624N02342.2607E002.4113256000.00,00000000L00000000)	
(087073813341BP00HSO)
(087073813341BP00HSO)	
(087073813341BP00HSO)	
(087073813341BP00HSO)	
(087073813341BP00HSO)
(087073813341BR00170325A3756.3545N02342.2490E000.8113356000.00,00000000L00000000)	
(087073813341BP00HSO)	
(087073813341BP00HSO)	


(087073813341BR
00170325A
3756.3494N
02342.2500E
000.3
113426
000.00,00000000L00000000)

37+(56.3494/60)=37.93915
23+(42.2500/60)=23.70416


(087073813341BR00170325A3756.3456N02342.2525E000.2113456000.00,00000000L00000000)	
(087073813341BR00170325A3756.3487N02342.2570E000.2113556000.00,00000000L00000000)
(087073813341BR00170325A3756.3501N02342.2572E000.3113626000.00,00000000L00000000)	
(087073813341BP00HSO)
(087073813341BP00HSO)	
(087073813341BR00170325A3756.3507N02342.2558E000.1113656000.00,00000000L00000000)
(087073813341BR00170325A3756.3520N02342.2567E000.1113726000.00,00000000L00000000)	
(087073813341BP00HSO)
(087073813341BR00170325A3756.3550N02342.2576E000.1113826000.00,00000000L00000000)	
(087073813341BR00170325A3756.3545N02342.2586E000.6113926000.00,00000000L00000000)
(087073813341BP00HSO)	
(087073813341BR00170325A3756.3500N02342.2636E000.2114026000.00,00000000L00000000)
(087073813341BP00HSO)	
(087073813341BR00170325A3756.3497N02342.2613E000.4114056000.00,00000000L00000000)
(087073813341BR00170325A3756.3477N02342.2594E000.1114126000.00,00000000L00000000)	
(087073813341BP00HSO)
(087073813341BP00HSO)	
(087073813341BP00HSO)	
(087073813341BP00HSO)	
(087073813341BP00HSO)	
(087073813341BP00HSO)	
(087073813341BR00170325A3756.3460N02342.2617E000.1114256000.00,00000000L00000000)
(087073813341BR00170325A3756.3490N02342.2623E000.1114326000.00,00000000L00000000)	
(087073813341BR00170325A3756.3491N02342.2625E000.1114356000.00,00000000L00000000)
(087073813341BP00HSO)	
(087073813341BP00HSO)	
(087073813341BP00HSO)	
(087073813341BR00170325A3756.3507N02342.2619E000.1114426000.00,00000000L00000000)
(087073813341BR00170325A3756.3524N02342.2606E000.2114456000.00,00000000L00000000)	
(087073813341BP00HSO)
(087073813341BP00HSO)	
(087073813341BP00HSO)	
(087073813341BP00HSO)	
(087073813341BP00HSO)	
(087073813341BP00HSO)
(087073813341BR00170325A3756.3555N02342.2603E000.2114556000.00,00000000L00000000)	
(087073813341BP00HSO)	
(087073813341BP00HSO)	
(087073813341BP00HSO)	
(087073813341BR00170325A3756.3587N02342.2592E000.3114626000.00,00000000L00000000)
(087073813341BR00170325A3756.3599N02342.2604E000.4114656000.00,00000000L00000000)	
(087073813341BP00HSO)
(087073813341BP00HSO)	
(087073813341BP00HSO)	
(087073813341BP00HSO)	
(087073813341BP00HSO)	
(087073813341BR00170325A3756.3387N02342.2623E002.5114756000.00,00000000L00000000)
(087073813341BP00HSO)	
(087073813341BP00HSO)	
(087073813341BP00HSO)	
(087073813341BP00HSO)	


(087073813341BR
00170325A
3756.3281N
02342.2623E
003.5
114826
000.00,00000000L00000000)

37+(56.3281/60)=37.93880
23+(42.2623/60)=23.70437


(087073813341BP00HSO)	
(087073813341BP00HSO)	
(087073813341BP00HSO)	
(087073813341BP00HSO)	
(087073813341BP00HSO)	
